This is LuaHBTeX, Version 1.17.1 (MiKTeX 23.12) (format=lualatex 2024.1.24)  11 FEB 2024 16:40
 restricted system commands enabled.
**ADK/projects/sample/sample.tex
(./ADK/projects/sample/sample.tex
LaTeX2e <2023-11-01>
L3 programming layer <2024-01-04>
Lua module: luaotfload 2023-08-31 3.26 Lua based OpenType font support
Lua module: lualibs 2023-07-13 2.76 ConTeXt Lua standard libraries.
Lua module: lualibs-extended 2023-07-13 2.76 ConTeXt Lua libraries -- extended c
ollection.
luaotfload | conf : Root cache directory is "C:/Users/Kontingent/AppData/Local/M
iKTeX/luatex-cache/generic/names".
luaotfload | init : Loading fontloader "fontloader-2023-08-19.lua" from kpse-res
olved path "C:/Users/Kontingent/AppData/Local/Programs/MiKTeX/tex/luatex/luaotfl
oad/fontloader-2023-08-19.lua".
Lua-only attribute luaotfload@noligature = 1
luaotfload | init : Context OpenType loader version 3.133
Inserting `luaotfload.node_processor' in `pre_linebreak_filter'.
Inserting `luaotfload.node_processor' in `hpack_filter'.
Inserting `luaotfload.glyph_stream' in `glyph_stream_provider'.
Inserting `luaotfload.define_font' in `define_font'.
Lua-only attribute luaotfload_color_attribute = 2
luaotfload | conf : Root cache directory is "C:/Users/Kontingent/AppData/Local/M
iKTeX/luatex-cache/generic/names".
Inserting `luaotfload.harf.strip_prefix' in `find_opentype_file'.
Inserting `luaotfload.harf.strip_prefix' in `find_truetype_file'.
Removing  `luaotfload.glyph_stream' from `glyph_stream_provider'.
Inserting `luaotfload.harf.glyphstream' in `glyph_stream_provider'.
Inserting `luaotfload.harf.finalize_vlist' in `post_linebreak_filter'.
Inserting `luaotfload.harf.finalize_hlist' in `hpack_filter'.
Inserting `luaotfload.cleanup_files' in `wrapup_run'.
Inserting `luaotfload.harf.finalize_unicode' in `finish_pdffile'.
Inserting `luaotfload.glyphinfo' in `glyph_info'.
Lua-only attribute luaotfload.letterspace_done = 3
Inserting `luaotfload.aux.set_sscale_dimens' in `luaotfload.patch_font'.
Inserting `luaotfload.aux.set_font_index' in `luaotfload.patch_font'.
Inserting `luaotfload.aux.patch_cambria_domh' in `luaotfload.patch_font'.
Inserting `luaotfload.aux.fixup_fontdata' in `luaotfload.patch_font_unsafe'.
Inserting `luaotfload.aux.set_capheight' in `luaotfload.patch_font'.
Inserting `luaotfload.aux.set_xheight' in `luaotfload.patch_font'.
Inserting `luaotfload.rewrite_fontname' in `luaotfload.patch_font'.
Inserting `tracingstacklevels' in `input_level_string'. (C:/Users/Kontingent/Ap
pData/Local/Programs/MiKTeX/tex/latex/base/article.cls
Document Class: article 2023/05/17 v1.4n Standard LaTeX document class
(C:/Users/Kontingent/AppData/Local/Programs/MiKTeX/tex/latex/base/size10.clo
File: size10.clo 2023/05/17 v1.4n Standard LaTeX file (size option)
luaotfload | db : Font names database loaded from C:/Users/Kontingent/AppData/Lo
cal/MiKTeX/luatex-cache/generic/names/luaotfload-names.luc.gz)
\c@part=\count185
\c@section=\count186
\c@subsection=\count187
\c@subsubsection=\count188
\c@paragraph=\count189
\c@subparagraph=\count190
\c@figure=\count191
\c@table=\count192
\abovecaptionskip=\skip48
\belowcaptionskip=\skip49
\bibindent=\dimen139
)
(C:/dev/adk/localtexmf/tex/latex/mystuff/preamble.sty
Package: preamble 

(C:/Users/Kontingent/AppData/Local/Programs/MiKTeX/tex/latex/geometry/geometry.
sty
Package: geometry 2020/01/02 v5.9 Page Geometry

(C:/Users/Kontingent/AppData/Local/Programs/MiKTeX/tex/latex/graphics/keyval.st
y
Package: keyval 2022/05/29 v1.15 key=value parser (DPC)
\KV@toks@=\toks17
)
(C:/Users/Kontingent/AppData/Local/Programs/MiKTeX/tex/generic/iftex/ifvtex.sty
Package: ifvtex 2019/10/25 v1.7 ifvtex legacy package. Use iftex instead.
(C:/Users/Kontingent/AppData/Local/Programs/MiKTeX/tex/generic/iftex/iftex.sty
Package: iftex 2022/02/03 v1.0f TeX engine tests
))
\Gm@cnth=\count193
\Gm@cntv=\count194
\c@Gm@tempcnt=\count195
\Gm@bindingoffset=\dimen140
\Gm@wd@mp=\dimen141
\Gm@odd@mp=\dimen142
\Gm@even@mp=\dimen143
\Gm@layoutwidth=\dimen144
\Gm@layoutheight=\dimen145
\Gm@layouthoffset=\dimen146
\Gm@layoutvoffset=\dimen147
\Gm@dimlist=\toks18

(C:/Users/Kontingent/AppData/Local/Programs/MiKTeX/tex/latex/geometry/geometry.
cfg))
(C:/Users/Kontingent/AppData/Local/Programs/MiKTeX/tex/latex/lipsum/lipsum.sty
(C:/Users/Kontingent/AppData/Local/Programs/MiKTeX/tex/latex/l3packages/l3keys2
e/l3keys2e.sty
(C:/Users/Kontingent/AppData/Local/Programs/MiKTeX/tex/latex/l3kernel/expl3.sty
Package: expl3 2024-01-04 L3 programming layer (loader) 

(C:/Users/Kontingent/AppData/Local/Programs/MiKTeX/tex/latex/l3backend/l3backen
d-luatex.def
File: l3backend-luatex.def 2024-01-04 L3 backend support: PDF output (LuaTeX)
\l__color_backend_stack_int=\count196
Inserting `l3color' in `luaotfload.parse_color'.
\l__pdf_internal_box=\box51
))
Package: l3keys2e 2023-10-10 LaTeX2e option processing using LaTeX3 keys
)
Package: lipsum 2021-09-20 v2.7 150 paragraphs of Lorem Ipsum dummy text
\g__lipsum_par_int=\count197
\l__lipsum_a_int=\count198
\l__lipsum_b_int=\count199

(C:/Users/Kontingent/AppData/Local/Programs/MiKTeX/tex/latex/lipsum/lipsum.ltd.
tex))
(C:/Users/Kontingent/AppData/Local/Programs/MiKTeX/tex/latex/hyperref/hyperref.
sty
Package: hyperref 2023-11-26 v7.01g Hypertext links for LaTeX

(C:/Users/Kontingent/AppData/Local/Programs/MiKTeX/tex/generic/infwarerr/infwar
err.sty
Package: infwarerr 2019/12/03 v1.5 Providing info/warning/error messages (HO)
)
(C:/Users/Kontingent/AppData/Local/Programs/MiKTeX/tex/latex/kvsetkeys/kvsetkey
s.sty
Package: kvsetkeys 2022-10-05 v1.19 Key value parser (HO)
)
(C:/Users/Kontingent/AppData/Local/Programs/MiKTeX/tex/generic/kvdefinekeys/kvd
efinekeys.sty
Package: kvdefinekeys 2019-12-19 v1.6 Define keys (HO)
)
(C:/Users/Kontingent/AppData/Local/Programs/MiKTeX/tex/generic/pdfescape/pdfesc
ape.sty
Package: pdfescape 2019/12/09 v1.15 Implements pdfTeX's escape features (HO)

(C:/Users/Kontingent/AppData/Local/Programs/MiKTeX/tex/generic/ltxcmds/ltxcmds.
sty
Package: ltxcmds 2023-12-04 v1.26 LaTeX kernel commands for general use (HO)
)
(C:/Users/Kontingent/AppData/Local/Programs/MiKTeX/tex/generic/pdftexcmds/pdfte
xcmds.sty
Package: pdftexcmds 2020-06-27 v0.33 Utility functions of pdfTeX for LuaTeX (HO
)
Package pdftexcmds Info: \pdf@primitive is available.
Package pdftexcmds Info: \pdf@ifprimitive is available.
Package pdftexcmds Info: \pdfdraftmode found.
\pdftexcmds@toks=\toks19
))
(C:/Users/Kontingent/AppData/Local/Programs/MiKTeX/tex/latex/hycolor/hycolor.st
y
Package: hycolor 2020-01-27 v1.10 Color options for hyperref/bookmark (HO)
)
(C:/Users/Kontingent/AppData/Local/Programs/MiKTeX/tex/latex/letltxmacro/letltx
macro.sty
Package: letltxmacro 2019/12/03 v1.6 Let assignment for LaTeX macros (HO)
)
(C:/Users/Kontingent/AppData/Local/Programs/MiKTeX/tex/latex/auxhook/auxhook.st
y
Package: auxhook 2019-12-17 v1.6 Hooks for auxiliary files (HO)
)
(C:/Users/Kontingent/AppData/Local/Programs/MiKTeX/tex/latex/hyperref/nameref.s
ty
Package: nameref 2023-11-26 v2.56 Cross-referencing by name of section

(C:/Users/Kontingent/AppData/Local/Programs/MiKTeX/tex/latex/refcount/refcount.
sty
Package: refcount 2019/12/15 v3.6 Data extraction from label references (HO)
)
(C:/Users/Kontingent/AppData/Local/Programs/MiKTeX/tex/generic/gettitlestring/g
ettitlestring.sty
Package: gettitlestring 2019/12/15 v1.6 Cleanup title references (HO)

(C:/Users/Kontingent/AppData/Local/Programs/MiKTeX/tex/latex/kvoptions/kvoption
s.sty
Package: kvoptions 2022-06-15 v3.15 Key value format for package options (HO)
))
\c@section@level=\count266
)
(C:/Users/Kontingent/AppData/Local/Programs/MiKTeX/tex/latex/etoolbox/etoolbox.
sty
Package: etoolbox 2020/10/05 v2.5k e-TeX tools for LaTeX (JAW)
\etb@tempcnta=\count267
)
\@linkdim=\dimen148
\Hy@linkcounter=\count268
\Hy@pagecounter=\count269

(C:/Users/Kontingent/AppData/Local/Programs/MiKTeX/tex/latex/hyperref/pd1enc.de
f
File: pd1enc.def 2023-11-26 v7.01g Hyperref: PDFDocEncoding definition (HO)
)
(C:/Users/Kontingent/AppData/Local/Programs/MiKTeX/tex/generic/intcalc/intcalc.
sty
Package: intcalc 2019/12/15 v1.3 Expandable calculations with integers (HO)
)
\Hy@SavedSpaceFactor=\count270

(C:/Users/Kontingent/AppData/Local/Programs/MiKTeX/tex/latex/hyperref/puenc.def
File: puenc.def 2023-11-26 v7.01g Hyperref: PDF Unicode definition (HO)
)
Package hyperref Info: Hyper figures OFF on input line 4181.
Package hyperref Info: Link nesting OFF on input line 4186.
Package hyperref Info: Hyper index ON on input line 4189.
Package hyperref Info: Plain pages OFF on input line 4196.
Package hyperref Info: Backreferencing OFF on input line 4201.
Package hyperref Info: Implicit mode ON; LaTeX internals redefined.
Package hyperref Info: Bookmarks ON on input line 4448.
\c@Hy@tempcnt=\count271
 (C:/Users/Kontingent/AppData/Local/Programs/MiKTeX/tex/latex/url/url.sty
\Urlmuskip=\muskip16
Package: url 2013/09/16  ver 3.4  Verb mode for urls, etc.
)
LaTeX Info: Redefining \url on input line 4786.
\XeTeXLinkMargin=\dimen149

(C:/Users/Kontingent/AppData/Local/Programs/MiKTeX/tex/generic/bitset/bitset.st
y
Package: bitset 2019/12/09 v1.3 Handle bit-vector datatype (HO)

(C:/Users/Kontingent/AppData/Local/Programs/MiKTeX/tex/generic/bigintcalc/bigin
tcalc.sty
Package: bigintcalc 2019/12/15 v1.5 Expandable calculations on big integers (HO
)
))
\Fld@menulength=\count272
\Field@Width=\dimen150
\Fld@charsize=\dimen151
Package hyperref Info: Hyper figures OFF on input line 6065.
Package hyperref Info: Link nesting OFF on input line 6070.
Package hyperref Info: Hyper index ON on input line 6073.
Package hyperref Info: backreferencing OFF on input line 6080.
Package hyperref Info: Link coloring OFF on input line 6085.
Package hyperref Info: Link coloring with OCG OFF on input line 6090.
Package hyperref Info: PDF/A mode OFF on input line 6095.

(C:/Users/Kontingent/AppData/Local/Programs/MiKTeX/tex/latex/base/atbegshi-ltx.
sty
Package: atbegshi-ltx 2021/01/10 v1.0c Emulation of the original atbegshi
package with kernel methods
)
\Hy@abspage=\count273
\c@Item=\count274
\c@Hfootnote=\count275
)
Package hyperref Info: Driver (autodetected): hluatex.

(C:/Users/Kontingent/AppData/Local/Programs/MiKTeX/tex/latex/hyperref/hluatex.d
ef
File: hluatex.def 2023-11-26 v7.01g Hyperref driver for luaTeX

(C:/Users/Kontingent/AppData/Local/Programs/MiKTeX/tex/generic/stringenc/string
enc.sty
Package: stringenc 2019/11/29 v1.12 Convert strings between diff. encodings (HO
)
)
(C:/Users/Kontingent/AppData/Local/Programs/MiKTeX/tex/latex/base/atveryend-ltx
.sty
Package: atveryend-ltx 2020/08/19 v1.0a Emulation of the original atveryend pac
kage
with kernel methods
)
\Fld@listcount=\count276
\c@bookmark@seq@number=\count277

(C:/Users/Kontingent/AppData/Local/Programs/MiKTeX/tex/latex/rerunfilecheck/rer
unfilecheck.sty
Package: rerunfilecheck 2022-07-10 v1.10 Rerun checks for auxiliary files (HO)

(C:/Users/Kontingent/AppData/Local/Programs/MiKTeX/tex/generic/uniquecounter/un
iquecounter.sty
Package: uniquecounter 2019/12/15 v1.4 Provide unlimited unique counter (HO)
)
Package uniquecounter Info: New unique counter `rerunfilecheck' on input line 2
85.
)
\Hy@SectionHShift=\skip50
)
Package hyperref Info: Option `colorlinks' set `true' on input line 14.

(C:/Users/Kontingent/AppData/Local/Programs/MiKTeX/tex/latex/enumitem/enumitem.
sty
Package: enumitem 2019/06/20 v3.9 Customized lists
\labelindent=\skip51
\enit@outerparindent=\dimen152
\enit@toks=\toks20
\enit@inbox=\box52
\enit@count@id=\count278
\enitdp@description=\count279
)
(C:/Users/Kontingent/AppData/Local/Programs/MiKTeX/tex/latex/xcolor/xcolor.sty
Package: xcolor 2023/11/15 v3.01 LaTeX color extensions (UK)

(C:/Users/Kontingent/AppData/Local/Programs/MiKTeX/tex/latex/graphics-cfg/color
.cfg
File: color.cfg 2016/01/02 v1.6 sample color configuration
)
Package xcolor Info: Driver file: luatex.def on input line 274.

(C:/Users/Kontingent/AppData/Local/Programs/MiKTeX/tex/latex/graphics-def/luate
x.def
File: luatex.def 2022/09/22 v1.2d Graphics/color driver for luatex
)
(C:/Users/Kontingent/AppData/Local/Programs/MiKTeX/tex/latex/graphics/mathcolor
.ltx)
Package xcolor Info: Model `cmy' substituted by `cmy0' on input line 1350.
Package xcolor Info: Model `hsb' substituted by `rgb' on input line 1354.
Package xcolor Info: Model `RGB' extended on input line 1366.
Package xcolor Info: Model `HTML' substituted by `rgb' on input line 1368.
Package xcolor Info: Model `Hsb' substituted by `hsb' on input line 1369.
Package xcolor Info: Model `tHsb' substituted by `hsb' on input line 1370.
Package xcolor Info: Model `HSB' substituted by `hsb' on input line 1371.
Package xcolor Info: Model `Gray' substituted by `gray' on input line 1372.
Package xcolor Info: Model `wave' substituted by `hsb' on input line 1373.
)
(C:/Users/Kontingent/AppData/Local/Programs/MiKTeX/tex/latex/graphics/dvipsnam.
def
File: dvipsnam.def 2016/06/17 v3.0m Driver-dependent file (DPC,SPQR)
)

Package geometry Warning: Over-specification in `h'-direction.
    `width' (483.69684pt) is ignored.

) (C:/dev/adk/localtexmf/tex/latex/mystuff/adkore.sty
Package: adkore 
)
No file sample.aux.

\openout1 = sample.aux
LaTeX Font Info:    Checking defaults for OML/cmm/m/it on input line 6.
LaTeX Font Info:    ... okay on input line 6.
LaTeX Font Info:    Checking defaults for OMS/cmsy/m/n on input line 6.
LaTeX Font Info:    ... okay on input line 6.
LaTeX Font Info:    Checking defaults for OT1/cmr/m/n on input line 6.
LaTeX Font Info:    ... okay on input line 6.
LaTeX Font Info:    Checking defaults for T1/cmr/m/n on input line 6.
LaTeX Font Info:    ... okay on input line 6.
LaTeX Font Info:    Checking defaults for TS1/cmr/m/n on input line 6.
LaTeX Font Info:    Trying to load font information for TS1+cmr on input line 6
.
(C:/Users/Kontingent/AppData/Local/Programs/MiKTeX/tex/latex/base/ts1cmr.fd
File: ts1cmr.fd 2023/04/13 v2.5m Standard LaTeX font definitions
)
LaTeX Font Info:    ... okay on input line 6.
LaTeX Font Info:    Checking defaults for TU/lmr/m/n on input line 6.
LaTeX Font Info:    ... okay on input line 6.
LaTeX Font Info:    Checking defaults for OMX/cmex/m/n on input line 6.
LaTeX Font Info:    ... okay on input line 6.
LaTeX Font Info:    Checking defaults for U/cmr/m/n on input line 6.
LaTeX Font Info:    ... okay on input line 6.
LaTeX Font Info:    Checking defaults for PD1/pdf/m/n on input line 6.
LaTeX Font Info:    ... okay on input line 6.
LaTeX Font Info:    Checking defaults for PU/pdf/m/n on input line 6.
LaTeX Font Info:    ... okay on input line 6.

*geometry* driver: auto-detecting
*geometry* detected driver: luatex
*geometry* verbose mode - [ preamble ] result:
* driver: luatex
* paper: a4paper
* layout: <same size as paper>
* layoutoffset:(h,v)=(0.0pt,0.0pt)
* modes: 
* h-part:(L,W,R)=(36.98857pt, 523.53073pt, 36.98857pt)
* v-part:(T,H,B)=(36.98857pt, 731.23582pt, 76.82245pt)
* \paperwidth=597.50787pt
* \paperheight=845.04684pt
* \textwidth=523.53073pt
* \textheight=731.23582pt
* \oddsidemargin=-35.28142pt
* \evensidemargin=-35.28142pt
* \topmargin=-72.28142pt
* \headheight=12.0pt
* \headsep=25.0pt
* \topskip=10.0pt
* \footskip=30.0pt
* \marginparwidth=65.0pt
* \marginparsep=11.0pt
* \columnsep=10.0pt
* \skip\footins=9.0pt plus 4.0pt minus 2.0pt
* \hoffset=0.0pt
* \voffset=0.0pt
* \mag=1000
* \@twocolumnfalse
* \@twosidefalse
* \@mparswitchfalse
* \@reversemarginfalse
* (1in=72.27pt=25.4mm, 1cm=28.453pt)

Package hyperref Info: Link coloring ON on input line 6.
\@outlinefile=\write3

\openout3 = sample.out

(C:/Users/Kontingent/AppData/Local/Programs/MiKTeX/tex/context/base/mkii/supp-p
df.mkii
[Loading MPS to PDF converter (version 2006.09.02).]
\scratchcounter=\count280
\scratchdimen=\dimen153
\scratchbox=\box53
\nofMPsegments=\count281
\nofMParguments=\count282
\everyMPshowfont=\toks21
\MPscratchCnt=\count283
\MPscratchDim=\dimen154
\MPnumerator=\count284
\makeMPintoPDFobject=\count285
\everyMPtoPDFconversion=\toks22
)
LaTeX Font Info:    External font `cmex10' loaded for size
(Font)              <7> on input line 16.
LaTeX Font Info:    External font `cmex10' loaded for size
(Font)              <5> on input line 16.

Overfull \hbox (6.79999pt too wide) in paragraph at lines 16--17
[] 
 []


Underfull \hbox (badness 10000) in paragraph at lines 16--17

 []

LaTeX Font Info:    External font `cmex10' loaded for size
(Font)              <12> on input line 26.
LaTeX Font Info:    External font `cmex10' loaded for size
(Font)              <8> on input line 26.
LaTeX Font Info:    External font `cmex10' loaded for size
(Font)              <6> on input line 26.

Overfull \hbox (6.79999pt too wide) in paragraph at lines 36--37
[]
 []


Underfull \hbox (badness 10000) in paragraph at lines 36--37

 []

[1

{C:/Users/Kontingent/AppData/Local/MiKTeX/fonts/map/pdftex/pdftex.map}]
(C:/dev/adk/logs/sample.aux)
 ***********
LaTeX2e <2023-11-01>
L3 programming layer <2024-01-04>
 ***********


Package rerunfilecheck Warning: File `sample.out' has changed.
(rerunfilecheck)                Rerun to get outlines right
(rerunfilecheck)                or use package `bookmark'.

Package rerunfilecheck Info: Checksums for `sample.out':
(rerunfilecheck)             Before: <no file>
(rerunfilecheck)             After:  D41D8CD98F00B204E9800998ECF8427E;0.
)

Here is how much of LuaTeX's memory you used:
 10235 strings out of 476497
 125027,1977958 words of node,token memory allocated
 416 words of node memory still in use:
   3 hlist, 1 vlist, 1 rule, 2 glue, 3 kern, 1 glyph, 4 attribute, 50 glue_spec,
 4 attribute_list, 1 write nodes
   avail lists: 2:378,3:177,4:27,5:222,6:69,7:2689,8:1,9:507,10:14,11:159
 32137 multiletter control sequences out of 65536+600000
 38 fonts using 2430815 bytes
 94i,10n,102p,283b,331s stack positions out of 10000i,1000n,20000p,200000b,200000s
<//?/c:/users/kontingent/appdata/local/programs/miktex/fonts/opentype/public/lm/
lmroman12-regular.otf><//?/c:/users/kontingent/appdata/local/programs/miktex/fon
ts/opentype/public/lm/lmroman12-bold.otf><//?/c:/users/kontingent/appdata/local/
programs/miktex/fonts/opentype/public/lm/lmroman10-regular.otf><//?/c:/users/kon
tingent/appdata/local/programs/miktex/fonts/opentype/public/lm/lmromancaps10-reg
ular.otf><//?/c:/users/kontingent/appdata/local/programs/miktex/fonts/opentype/p
ublic/lm/lmroman10-bold.otf><C:/Users/Kontingent/AppData/Local/Programs/MiKTeX/f
onts/type1/public/amsfonts/cm/cmr10.pfb>
Output written on sample.pdf (1 page, 31980 bytes).

PDF statistics: 50 PDF objects out of 1000 (max. 8388607)
 2 named destinations out of 1000 (max. 131072)
 1 words of extra memory for PDF output out of 10000 (max. 100000000)

